
> app@1.0.0 build /Users/bhekanik/dev/dealbase-africa/apps/app
> next build

info  - Linting and checking validity of types...

./src/components/Charts/Breakdown/Monthly/index.tsx
16:36  Warning: 'showLegend' is assigned a value but never used.  @typescript-eslint/no-unused-vars

./src/components/Charts/Breakdown/Sector/index.tsx
16:35  Warning: 'showLegend' is assigned a value but never used.  @typescript-eslint/no-unused-vars
16:55  Warning: 'colors' is defined but never used.  @typescript-eslint/no-unused-vars

./src/components/Charts/GenderPie/index.tsx
13:9  Warning: 'legend' is assigned a value but never used.  @typescript-eslint/no-unused-vars
41:9  Warning: 'maxValue' is assigned a value but never used.  @typescript-eslint/no-unused-vars

./src/components/Charts/OffsetCompare/BarComponent.tsx
4:8  Warning: Unexpected any. Specify a different type.  @typescript-eslint/no-explicit-any

./src/components/Charts/RacePie/index.tsx
13:9  Warning: 'legend' is assigned a value but never used.  @typescript-eslint/no-unused-vars
41:9  Warning: 'maxValue' is assigned a value but never used.  @typescript-eslint/no-unused-vars

./src/components/DataTable/CompaniesTable/CompanyPopoverDealsTable.tsx
24:3  Warning: 'companyName' is defined but never used.  @typescript-eslint/no-unused-vars

./src/components/FormElements/Inputs/Input.tsx
18:20  Warning: Unexpected any. Specify a different type.  @typescript-eslint/no-explicit-any
18:25  Warning: Unexpected any. Specify a different type.  @typescript-eslint/no-explicit-any

./src/components/FormElements/Inputs/MoneyInput/index.tsx
11:20  Warning: Unexpected any. Specify a different type.  @typescript-eslint/no-explicit-any
11:25  Warning: Unexpected any. Specify a different type.  @typescript-eslint/no-explicit-any

./src/components/FormElements/Inputs/Select.tsx
18:20  Warning: Unexpected any. Specify a different type.  @typescript-eslint/no-explicit-any
18:25  Warning: Unexpected any. Specify a different type.  @typescript-eslint/no-explicit-any

./src/components/Forms/CompaniesFormFields.tsx
61:39  Warning: Unexpected any. Specify a different type.  @typescript-eslint/no-explicit-any
61:44  Warning: Unexpected any. Specify a different type.  @typescript-eslint/no-explicit-any
72:37  Warning: Unexpected any. Specify a different type.  @typescript-eslint/no-explicit-any
72:42  Warning: Unexpected any. Specify a different type.  @typescript-eslint/no-explicit-any
123:37  Warning: Unexpected any. Specify a different type.  @typescript-eslint/no-explicit-any
123:42  Warning: Unexpected any. Specify a different type.  @typescript-eslint/no-explicit-any
134:37  Warning: Unexpected any. Specify a different type.  @typescript-eslint/no-explicit-any
134:42  Warning: Unexpected any. Specify a different type.  @typescript-eslint/no-explicit-any

./src/components/Forms/Deals/AddDealFormFields.tsx
301:39  Warning: Unexpected any. Specify a different type.  @typescript-eslint/no-explicit-any
301:44  Warning: Unexpected any. Specify a different type.  @typescript-eslint/no-explicit-any

./src/components/Forms/Deals/EditDealFormFields.tsx
300:39  Warning: Unexpected any. Specify a different type.  @typescript-eslint/no-explicit-any
300:44  Warning: Unexpected any. Specify a different type.  @typescript-eslint/no-explicit-any

./src/components/HeaderMenu/components/DataMenu.tsx
19:28  Warning: 'onOpen' is defined but never used.  @typescript-eslint/no-unused-vars
19:36  Warning: 'setType' is defined but never used.  @typescript-eslint/no-unused-vars

./src/components/MapComponent/hooks/useChloroplethLayerStyle.tsx
95:6  Warning: React Hook useEffect has missing dependencies: 'dealsPerCountry' and 'setFeaturesToRender'. Either include them or remove the dependency array. If 'setFeaturesToRender' changes too often, find the parent component that defines it and wrap that definition in useCallback.  react-hooks/exhaustive-deps

./src/components/Share/index.tsx
61:5  Warning: React Hook useMemo has an unnecessary dependency: 'countryList'. Either exclude it or remove the dependency array. Outer scope values like 'countryList' aren't valid dependencies because mutating them doesn't re-render the component.  react-hooks/exhaustive-deps

./src/components/Statistics/MiniStatistics/index.tsx
12:3  Warning: 'withTitle' is defined but never used.  @typescript-eslint/no-unused-vars

./src/contexts/FeatureFlags/FeatureFlagsBroker.test.ts
39:32  Warning: Unexpected any. Specify a different type.  @typescript-eslint/no-explicit-any

./src/contexts/FeatureFlags/FeatureFlagsProvider.tsx
85:6  Warning: React Hook useMemo was passed a dependency list that is not an array literal. This means we can't statically verify whether you've passed the correct dependencies.  react-hooks/exhaustive-deps
85:6  Warning: React Hook useMemo has a missing dependency: 'sources'. Either include it or remove the dependency array.  react-hooks/exhaustive-deps

./src/contexts/FeatureFlags/StorageAdapter.test.ts
6:30  Warning: Unexpected any. Specify a different type.  @typescript-eslint/no-explicit-any

./src/lib/server/createDeals.ts
24:7  Warning: 'created_at' is assigned a value but never used.  @typescript-eslint/no-unused-vars
25:22  Warning: '_' is assigned a value but never used.  @typescript-eslint/no-unused-vars
25:37  Warning: 'cca' is assigned a value but never used.  @typescript-eslint/no-unused-vars

./src/lib/server/editDeals.ts
24:7  Warning: 'created_at' is assigned a value but never used.  @typescript-eslint/no-unused-vars
25:22  Warning: '_' is assigned a value but never used.  @typescript-eslint/no-unused-vars
25:37  Warning: 'cca' is assigned a value but never used.  @typescript-eslint/no-unused-vars

./src/pages/api/share.ts
144:42  Warning: Unexpected any. Specify a different type.  @typescript-eslint/no-explicit-any

./src/pages/embed/[clientId].tsx
30:6  Warning: React Hook useEffect has a missing dependency: 'setColorMode'. Either include it or remove the dependency array.  react-hooks/exhaustive-deps

info  - Need to disable some ESLint rules? Learn more here: https://nextjs.org/docs/basic-features/eslint#disabling-rules
info  - Creating an optimized production build...
> [PWA] Compile client (static)
> [PWA] Auto register service worker with: /Users/bhekanik/dev/dealbase-africa/node_modules/.pnpm/next-pwa@5.6.0_6ey6dysecz3kor62yxq5yfkd5u/node_modules/next-pwa/register.js
> [PWA] Service worker: /Users/bhekanik/dev/dealbase-africa/apps/app/public/sw.js
> [PWA]   url: /sw.js
> [PWA]   scope: /
> [PWA] Fallback to precache routes when fetch failed from cache or network:
> [PWA]   document (page): /_offline
> [PWA] Compile server
> [PWA] Compile server
warn  - Compiled with warnings

/_next/static/chunks/6753-e5d622dd356e7924.js is 3.69 MB, and won't be precached. Configure maximumFileSizeToCacheInBytes to change this limit.

info  - Collecting page data...
info  - Generating static pages (0/4)
info  - Generating static pages (1/4)
info  - Generating static pages (2/4)
info  - Generating static pages (3/4)
info  - Generating static pages (4/4)
info  - Finalizing page optimization...

Route (pages)                              Size     First Load JS
┌ λ /                                      2.33 kB         431 kB
├   /_app                                  0 B             245 kB
├ ○ /_offline                              4.12 kB         429 kB
├ ○ /404                                   2.29 kB         257 kB
├ λ /analytics/investors                   10.9 kB        1.71 MB
├ λ /api/companies                         0 B             245 kB
├ λ /api/crowdsourced_deal                 0 B             245 kB
├ λ /api/deals                             0 B             245 kB
├ λ /api/investors                         0 B             245 kB
├ λ /api/logos                             0 B             245 kB
├ λ /api/map-data                          0 B             245 kB
├ λ /api/share                             0 B             245 kB
├ λ /api/shorten                           0 B             245 kB
├ λ /api/sign                              0 B             245 kB
├ λ /api/subscribers                       0 B             245 kB
├ λ /api/tunnel                            0 B             245 kB
├ λ /api/users                             0 B             245 kB
├ λ /dashboard/companies                   5.74 kB         524 kB
├ λ /dashboard/crowdsourced-deals          5.53 kB         459 kB
├ λ /dashboard/dashboard                   9 kB            434 kB
├ λ /dashboard/deals                       16.1 kB         554 kB
├ λ /dashboard/gallery                     5.06 kB         445 kB
├ λ /dashboard/investors                   9.51 kB         463 kB
├ λ /dashboard/settings                    8.52 kB         434 kB
├ λ /dashboard/subscribers                 3.4 kB          448 kB
├ ○ /embed-designer/[clientId]             3.03 kB         365 kB
├ ○ /embed/[clientId]                      9.22 kB        1.49 MB
├ λ /investors                             3.22 kB         541 kB
└ λ /signin                                2.35 kB         431 kB
+ First Load JS shared by all              295 kB
  ├ chunks/framework-2b5907c25d886e92.js   42.4 kB
  ├ chunks/main-9d41399dffc317f1.js        33.1 kB
  ├ chunks/pages/_app-f2c45d2b35f46f56.js  167 kB
  ├ chunks/webpack-5df768706ea8eb26.js     3.02 kB
  └ css/b2487d302b65a015.css               50.1 kB

λ  (Server)  server-side renders at runtime (uses getInitialProps or getServerSideProps)
○  (Static)  automatically rendered as static HTML (uses no initial props)

