
> masked@1.0.0 lint /Users/bhekanik/dev/hobby-apps/apps/matcher
> eslint --cache --cache-location ./node_modules/.cache/eslint .


/Users/bhekanik/dev/hobby-apps/apps/matcher/api/index.js
    10:12   warning  Unexpected mix of '&&' and '||'. Use parentheses to clarify the intended order of operations  no-mixed-operators
    10:39   warning  Unexpected mix of '&&' and '||'. Use parentheses to clarify the intended order of operations  no-mixed-operators
    15:100  warning  Unexpected use of comma operator                                                              no-sequences
    49:58   warning  Unexpected use of comma operator                                                              no-sequences
   263:21   warning  Unexpected use of comma operator                                                              no-sequences
   275:11   warning  Expected an assignment or function call and instead saw an expression                         no-unused-expressions
   275:46   warning  Unexpected use of comma operator                                                              no-sequences
   283:86   warning  Unexpected use of comma operator                                                              no-sequences
   290:17   warning  Unexpected use of comma operator                                                              no-sequences
   356:30   warning  Unexpected use of comma operator                                                              no-sequences
   494:40   warning  'webPush' is assigned a value but never used                                                  no-unused-vars
   496:3    warning  Expected an assignment or function call and instead saw an expression                         no-unused-expressions
   496:23   warning  Unexpected use of comma operator                                                              no-sequences
   502:40   warning  Unexpected use of comma operator                                                              no-sequences
   507:6    warning  Unexpected use of comma operator                                                              no-sequences
   573:5    warning  'likeWithUsersSchema' is assigned a value but never used                                      no-unused-vars
   628:48   warning  Unexpected use of comma operator                                                              no-sequences
   635:34   warning  Unexpected use of comma operator                                                              no-sequences
   649:32   warning  Unexpected use of comma operator                                                              no-sequences
   671:40   warning  Unexpected use of comma operator                                                              no-sequences
   685:48   warning  Unexpected use of comma operator                                                              no-sequences
   688:50   warning  Unexpected use of comma operator                                                              no-sequences
   696:54   warning  Unexpected use of comma operator                                                              no-sequences
   703:84   warning  Redundant Boolean call                                                                        no-extra-boolean-cast
   913:39   warning  Unexpected use of comma operator                                                              no-sequences
   917:40   warning  Unexpected use of comma operator                                                              no-sequences
   927:38   warning  Unexpected use of comma operator                                                              no-sequences
  1293:3    error    'assets' is not defined                                                                       no-undef

/Users/bhekanik/dev/hobby-apps/apps/matcher/app/components/FormElements/Button/index.tsx
   2:1   warning  Imports "ButtonHTMLAttributes" and "PropsWithChildren" are only used as types  @typescript-eslint/consistent-type-imports
   3:1   warning  Import "Color" is only used as types                                           @typescript-eslint/consistent-type-imports
  10:23  warning  Component definition is missing display name                                   react/display-name

/Users/bhekanik/dev/hobby-apps/apps/matcher/app/components/FormElements/Input/index.tsx
  2:1   warning  Imports "InputHTMLAttributes" and "PropsWithChildren" are only used as types  @typescript-eslint/consistent-type-imports
  4:22  warning  Component definition is missing display name                                  react/display-name

/Users/bhekanik/dev/hobby-apps/apps/matcher/app/components/FormElements/LinkButton/index.tsx
   3:1   warning  Imports "AnchorHTMLAttributes" and "PropsWithChildren" are only used as types  @typescript-eslint/consistent-type-imports
   4:1   warning  Import "Color" is only used as types                                           @typescript-eslint/consistent-type-imports
  11:27  warning  Component definition is missing display name                                   react/display-name

/Users/bhekanik/dev/hobby-apps/apps/matcher/app/components/FormElements/Textarea/index.tsx
  2:1   warning  Import "MotionProps" is only used as types                                       @typescript-eslint/consistent-type-imports
  3:1   warning  Imports "PropsWithChildren" and "TextareaHTMLAttributes" are only used as types  @typescript-eslint/consistent-type-imports
  9:25  warning  Component definition is missing display name                                     react/display-name

/Users/bhekanik/dev/hobby-apps/apps/matcher/app/components/Header/index.tsx
  4:1  warning  All imports in the declaration are only used as types. Use `import type`  @typescript-eslint/consistent-type-imports
  5:1  warning  All imports in the declaration are only used as types. Use `import type`  @typescript-eslint/consistent-type-imports

/Users/bhekanik/dev/hobby-apps/apps/matcher/app/entry.client.tsx
  53:52  warning  Unnecessary escape character: \-  no-useless-escape

/Users/bhekanik/dev/hobby-apps/apps/matcher/app/layouts/AppLayout/index.tsx
  1:1  warning  All imports in the declaration are only used as types. Use `import type`  @typescript-eslint/consistent-type-imports

/Users/bhekanik/dev/hobby-apps/apps/matcher/app/lib/badRequest.tsx
  2:1  warning  All imports in the declaration are only used as types. Use `import type`  @typescript-eslint/consistent-type-imports

/Users/bhekanik/dev/hobby-apps/apps/matcher/app/lib/getMainAppImageUrl.ts
  2:1  warning  Import "ThemeColor" is only used as types  @typescript-eslint/consistent-type-imports

/Users/bhekanik/dev/hobby-apps/apps/matcher/app/lib/getPostImageUrl.ts
  1:1  warning  All imports in the declaration are only used as types. Use `import type`  @typescript-eslint/consistent-type-imports
  4:1  warning  All imports in the declaration are only used as types. Use `import type`  @typescript-eslint/consistent-type-imports
  5:1  warning  Import "ThemeColor" is only used as types                                 @typescript-eslint/consistent-type-imports

/Users/bhekanik/dev/hobby-apps/apps/matcher/app/lib/getRoomImageUrl.ts
  1:1  warning  All imports in the declaration are only used as types. Use `import type`  @typescript-eslint/consistent-type-imports
  4:1  warning  All imports in the declaration are only used as types. Use `import type`  @typescript-eslint/consistent-type-imports
  5:1  warning  Import "ThemeColor" is only used as types                                 @typescript-eslint/consistent-type-imports

/Users/bhekanik/dev/hobby-apps/apps/matcher/app/models/likes.server..ts
  1:1  warning  Import "Like" is only used as types  @typescript-eslint/consistent-type-imports

/Users/bhekanik/dev/hobby-apps/apps/matcher/app/models/users.server..ts
  1:1  warning  Import "User" is only used as types  @typescript-eslint/consistent-type-imports

/Users/bhekanik/dev/hobby-apps/apps/matcher/app/root.tsx
  82:6  warning  React Hook React.useEffect has a missing dependency: 'matches'. Either include it or remove the dependency array  react-hooks/exhaustive-deps

/Users/bhekanik/dev/hobby-apps/apps/matcher/app/routes/app/$userId.tsx
    1:1   warning  Imports "ActionFunction" and "LoaderFunction" are only used as types                                                   @typescript-eslint/consistent-type-imports
    5:1   warning  All imports in the declaration are only used as types. Use `import type`                                               @typescript-eslint/consistent-type-imports
   11:1   warning  All imports in the declaration are only used as types. Use `import type`                                               @typescript-eslint/consistent-type-imports
   12:1   warning  All imports in the declaration are only used as types. Use `import type`                                               @typescript-eslint/consistent-type-imports
   13:1   warning  All imports in the declaration are only used as types. Use `import type`                                               @typescript-eslint/consistent-type-imports
  122:21  warning  Redundant Boolean call                                                                                                 no-extra-boolean-cast
  126:6   warning  React Hook useEffect has a missing dependency: 'currentUser.gender'. Either include it or remove the dependency array  react-hooks/exhaustive-deps

/Users/bhekanik/dev/hobby-apps/apps/matcher/app/routes/index.tsx
   1:1  warning  Import "ActionFunction" is only used as types                             @typescript-eslint/consistent-type-imports
   4:1  warning  All imports in the declaration are only used as types. Use `import type`  @typescript-eslint/consistent-type-imports
  11:1  warning  All imports in the declaration are only used as types. Use `import type`  @typescript-eslint/consistent-type-imports

/Users/bhekanik/dev/hobby-apps/apps/matcher/app/routes/login.tsx
  1:1  warning  Import "ActionFunction" is only used as types                             @typescript-eslint/consistent-type-imports
  3:1  warning  All imports in the declaration are only used as types. Use `import type`  @typescript-eslint/consistent-type-imports

/Users/bhekanik/dev/hobby-apps/apps/matcher/app/routes/resources/subscribe.ts
  1:10  warning  'PushNotification' is defined but never used  @typescript-eslint/no-unused-vars

/Users/bhekanik/dev/hobby-apps/apps/matcher/routes/resources/subscribe.ts
  1:10  warning  'PushNotification' is defined but never used  @typescript-eslint/no-unused-vars

✖ 68 problems (1 error, 67 warnings)
  0 errors and 32 warnings potentially fixable with the `--fix` option.

 ELIFECYCLE  Command failed with exit code 1.
